Flow report for CPU
Tue Jun 17 17:34:33 2025
Quartus Prime Version 17.1.0 Build 590 10/25/2017 SJ Lite Edition


---------------------
; Table of Contents ;
---------------------
  1. Legal Notice
  2. Flow Summary
  3. Flow Settings
  4. Flow Non-Default Global Settings
  5. Flow Elapsed Time
  6. Flow OS Summary
  7. Flow Log
  8. Flow Messages
  9. Flow Suppressed Messages



----------------
; Legal Notice ;
----------------
Copyright (C) 2017  Intel Corporation. All rights reserved.
Your use of Intel Corporation's design tools, logic functions 
and other software and tools, and its AMPP partner logic 
functions, and any output files from any of the foregoing 
(including device programming or simulation files), and any 
associated documentation or information are expressly subject 
to the terms and conditions of the Intel Program License 
Subscription Agreement, the Intel Quartus Prime License Agreement,
the Intel FPGA IP License Agreement, or other applicable license
agreement, including, without limitation, that your use is for
the sole purpose of programming logic devices manufactured by
Intel and sold by Intel or its authorized distributors.  Please
refer to the applicable agreement for further details.



+----------------------------------------------------------------------------------+
; Flow Summary                                                                     ;
+------------------------------------+---------------------------------------------+
; Flow Status                        ; Successful - Tue Jun 17 17:34:29 2025       ;
; Quartus Prime Version              ; 17.1.0 Build 590 10/25/2017 SJ Lite Edition ;
; Revision Name                      ; CPU                                         ;
; Top-level Entity Name              ; teste                                       ;
; Family                             ; Cyclone IV E                                ;
; Device                             ; EP4CE115F29C7                               ;
; Timing Models                      ; Final                                       ;
; Total logic elements               ; 587 / 114,480 ( < 1 % )                     ;
;     Total combinational functions  ; 574 / 114,480 ( < 1 % )                     ;
;     Dedicated logic registers      ; 178 / 114,480 ( < 1 % )                     ;
; Total registers                    ; 178                                         ;
; Total pins                         ; 112 / 529 ( 21 % )                          ;
; Total virtual pins                 ; 0                                           ;
; Total memory bits                  ; 762,624 / 3,981,312 ( 19 % )                ;
; Embedded Multiplier 9-bit elements ; 0 / 532 ( 0 % )                             ;
; Total PLLs                         ; 1 / 4 ( 25 % )                              ;
+------------------------------------+---------------------------------------------+


+-----------------------------------------+
; Flow Settings                           ;
+-------------------+---------------------+
; Option            ; Setting             ;
+-------------------+---------------------+
; Start date & time ; 06/17/2025 17:34:04 ;
; Main task         ; Compilation         ;
; Revision Name     ; CPU                 ;
+-------------------+---------------------+


+--------------------------------------------------------------------------------------------------------------------------------+
; Flow Non-Default Global Settings                                                                                               ;
+--------------------------------------------+----------------------------------------+---------------+-------------+------------+
; Assignment Name                            ; Value                                  ; Default Value ; Entity Name ; Section Id ;
+--------------------------------------------+----------------------------------------+---------------+-------------+------------+
; COMPILER_SIGNATURE_ID                      ; 4931005566362.175019244422044          ; --            ; --          ; --         ;
; FINAL_PLACEMENT_OPTIMIZATION               ; Never                                  ; Automatically ; --          ; --         ;
; FITTER_AGGRESSIVE_ROUTABILITY_OPTIMIZATION ; Never                                  ; Automatically ; --          ; --         ;
; FITTER_EFFORT                              ; Fast Fit                               ; Auto Fit      ; --          ; --         ;
; MAX_CORE_JUNCTION_TEMP                     ; 85                                     ; --            ; --          ; --         ;
; MIN_CORE_JUNCTION_TEMP                     ; 0                                      ; --            ; --          ; --         ;
; MISC_FILE                                  ; vga_pll.ppf                            ; --            ; --          ; --         ;
; NOMINAL_CORE_SUPPLY_VOLTAGE                ; 1.2V                                   ; --            ; --          ; --         ;
; NUM_PARALLEL_PROCESSORS                    ; All                                    ; --            ; --          ; --         ;
; OUTPUT_IO_TIMING_FAR_END_VMEAS             ; Half Signal Swing                      ; --            ; --          ; --         ;
; OUTPUT_IO_TIMING_FAR_END_VMEAS             ; Half Signal Swing                      ; --            ; --          ; --         ;
; OUTPUT_IO_TIMING_NEAR_END_VMEAS            ; Half Vccio                             ; --            ; --          ; --         ;
; OUTPUT_IO_TIMING_NEAR_END_VMEAS            ; Half Vccio                             ; --            ; --          ; --         ;
; PARTITION_COLOR                            ; -- (Not supported for targeted family) ; --            ; teste       ; Top        ;
; PARTITION_FITTER_PRESERVATION_LEVEL        ; -- (Not supported for targeted family) ; --            ; teste       ; Top        ;
; PARTITION_NETLIST_TYPE                     ; -- (Not supported for targeted family) ; --            ; teste       ; Top        ;
; POWER_BOARD_THERMAL_MODEL                  ; None (CONSERVATIVE)                    ; --            ; --          ; --         ;
; POWER_PRESET_COOLING_SOLUTION              ; 23 MM HEAT SINK WITH 200 LFPM AIRFLOW  ; --            ; --          ; --         ;
; PROJECT_OUTPUT_DIRECTORY                   ; output_files                           ; --            ; --          ; --         ;
; SMART_RECOMPILE                            ; On                                     ; Off           ; --          ; --         ;
; TOP_LEVEL_ENTITY                           ; teste                                  ; CPU           ; --          ; --         ;
+--------------------------------------------+----------------------------------------+---------------+-------------+------------+


+-------------------------------------------------------------------------------------------------------------------------------+
; Flow Elapsed Time                                                                                                             ;
+---------------------------+--------------+-------------------------+---------------------+------------------------------------+
; Module Name               ; Elapsed Time ; Average Processors Used ; Peak Virtual Memory ; Total CPU Time (on all processors) ;
+---------------------------+--------------+-------------------------+---------------------+------------------------------------+
; Analysis & Synthesis      ; 00:00:12     ; 1.0                     ; 4884 MB             ; 00:00:20                           ;
; Fitter                    ; 00:00:09     ; 1.1                     ; 6302 MB             ; 00:00:16                           ;
; Assembler                 ; 00:00:02     ; 1.0                     ; 4693 MB             ; 00:00:03                           ;
; TimeQuest Timing Analyzer ; 00:00:03     ; 1.3                     ; 4966 MB             ; 00:00:02                           ;
; Total                     ; 00:00:26     ; --                      ; --                  ; 00:00:41                           ;
+---------------------------+--------------+-------------------------+---------------------+------------------------------------+


+-----------------------------------------------------------------------------------------+
; Flow OS Summary                                                                         ;
+---------------------------+------------------+------------+------------+----------------+
; Module Name               ; Machine Hostname ; OS Name    ; OS Version ; Processor type ;
+---------------------------+------------------+------------+------------+----------------+
; Analysis & Synthesis      ; DESKTOP-NIO2H1S  ; Windows 10 ; 10.0       ; x86_64         ;
; Fitter                    ; DESKTOP-NIO2H1S  ; Windows 10 ; 10.0       ; x86_64         ;
; Assembler                 ; DESKTOP-NIO2H1S  ; Windows 10 ; 10.0       ; x86_64         ;
; TimeQuest Timing Analyzer ; DESKTOP-NIO2H1S  ; Windows 10 ; 10.0       ; x86_64         ;
+---------------------------+------------------+------------+------------+----------------+


------------
; Flow Log ;
------------
quartus_map --read_settings_files=on --write_settings_files=off CPU -c CPU
quartus_fit --read_settings_files=off --write_settings_files=off CPU -c CPU
quartus_asm --read_settings_files=off --write_settings_files=off CPU -c CPU
quartus_sta CPU -c CPU



